#
# A fatal error has been detected by the Java Runtime Environment:
#
#  EXCEPTION_ACCESS_VIOLATION (0xc0000005) at pc=0x00007ff926edd4d4, pid=12924, tid=6384
#
# JRE version: OpenJDK Runtime Environment (21.0.6) (build 21.0.6+-13391695-b895.109)
# Java VM: OpenJDK 64-Bit Server VM (21.0.6+-13391695-b895.109, mixed mode, tiered, compressed oops, compressed class ptrs, g1 gc, windows-amd64)
# Problematic frame:
# V  [jvm.dll+0x16d4d4]
#
# No core dump will be written. Minidumps are not enabled by default on client versions of Windows
#
# If you would like to submit a bug report, please visit:
#   https://youtrack.jetbrains.com/issues/JBR
#

---------------  S U M M A R Y ------------

Command Line: org.jetbrains.kotlin.cli.jvm.K2JVMCompiler @C:\Users\usuario\Documents\PracticaViewmodels\app\build\20250930_10157784616102077237.compiler.options

Host: Intel(R) Core(TM) i5-8250U CPU @ 1.60GHz, 8 cores, 15G,  Windows 11 , 64 bit Build 22621 (10.0.22621.5415)
Time: Tue Sep 30 15:09:21 2025 Hora estándar oeste, Sudamérica elapsed time: 3.312021 seconds (0d 0h 0m 3s)

---------------  T H R E A D  ---------------

Current thread (0x000001be709702f0):  JavaThread "C1 CompilerThread0" daemon [_thread_in_native, id=6384, stack(0x0000005143c00000,0x0000005143d00000) (1024K)]


Current CompileTask:
C1:3312 3673   !   3       org.jetbrains.kotlin.metadata.ProtoBuf$Property::<init> (1283 bytes)

Stack: [0x0000005143c00000,0x0000005143d00000],  sp=0x0000005143cfe730,  free space=1017k
Native frames: (J=compiled Java code, j=interpreted, Vv=VM code, C=native code)
V  [jvm.dll+0x16d4d4]
V  [jvm.dll+0x16d30e]
V  [jvm.dll+0x1501a1]
V  [jvm.dll+0x14fd14]
V  [jvm.dll+0x14fee6]
V  [jvm.dll+0x14f25f]
V  [jvm.dll+0x151081]
V  [jvm.dll+0x2569ac]
V  [jvm.dll+0x254ef6]
V  [jvm.dll+0x3f0e96]
V  [jvm.dll+0x806ed8]
V  [jvm.dll+0x6cef0d]
C  [ucrtbase.dll+0x29333]
C  [KERNEL32.DLL+0x1259d]
C  [ntdll.dll+0x5af78]


siginfo: EXCEPTION_ACCESS_VIOLATION (0xc0000005), reading address 0xffffffffffffffff


Registers:
RAX=0x00007ff9a76ae608, RBX=0x0000005143cfe7d0, RCX=0x000001be78493e20, RDX=0x0000005143cfe7d0
RSP=0x0000005143cfe730, RBP=0x0000000000000091, RSI=0x000001be78493e20, RDI=0x0000000000000005
R8 =0x0000000000000001, R9 =0x0000005143cfebd8, R10=0x000001be7cc444e0, R11=0x0000005143cfe5d0
R12=0x0000000000000061, R13=0x000001be784926e0, R14=0x000001be78c37fe0, R15=0x0000000000000029
RIP=0x00007ff926edd4d4, EFLAGS=0x0000000000010246

XMM[0]=0x0000000000000000 0x0000000000000000
XMM[1]=0x0000000000000000 0x0000000000000000
XMM[2]=0x0000000000000000 0x0000000000000000
XMM[3]=0x0000000000000000 0x0000000000000000
XMM[4]=0x0000000000000000 0x0000000000000000
XMM[5]=0x0000000000000000 0x0000000000000000
XMM[6]=0x0000000000000000 0x0000000000000000
XMM[7]=0x0000000000000000 0x0000000000000000
XMM[8]=0x0000000000000000 0x0000000000000000
XMM[9]=0x0000000000000000 0x0000000000000000
XMM[10]=0x0000000000000000 0x0000000000000000
XMM[11]=0x0000000000000000 0x0000000000000000
XMM[12]=0x0000000000000000 0x0000000000000000
XMM[13]=0x0000000000000000 0x0000000000000000
XMM[14]=0x0000000000000000 0x0000000000000000
XMM[15]=0x0000000000000000 0x0000000000000000
  MXCSR=0x00001fa0


Register to memory mapping:

RAX=0x00007ff9a76ae608 ntdll.dll
RBX=0x0000005143cfe7d0 is pointing into the stack for thread: 0x000001be709702f0
RCX=0x000001be78493e20 points into unknown readable memory: 0x00007ff9a76ae608 | 08 e6 6a a7 f9 7f 00 00
RDX=0x0000005143cfe7d0 is pointing into the stack for thread: 0x000001be709702f0
RSP=0x0000005143cfe730 is pointing into the stack for thread: 0x000001be709702f0
RBP=0x0000000000000091 is an unknown value
RSI=0x000001be78493e20 points into unknown readable memory: 0x00007ff9a76ae608 | 08 e6 6a a7 f9 7f 00 00
RDI=0x0000000000000005 is an unknown value
R8 =0x0000000000000001 is an unknown value
R9 =0x0000005143cfebd8 is pointing into the stack for thread: 0x000001be709702f0
R10=0x000001be7cc444e0 points into unknown readable memory: 0x00007ff9276a6080 | 80 60 6a 27 f9 7f 00 00
R11=0x0000005143cfe5d0 is pointing into the stack for thread: 0x000001be709702f0
R12=0x0000000000000061 is an unknown value
R13=0x000001be784926e0 points into unknown readable memory: 0x0000008000000061 | 61 00 00 00 80 00 00 00
R14=0x000001be78c37fe0 points into unknown readable memory: 0x000000a900000091 | 91 00 00 00 a9 00 00 00
R15=0x0000000000000029 is an unknown value

Top of Stack: (sp=0x0000005143cfe730)
0x0000005143cfe730:   0000005143cfe7d0 000001be78493d48
0x0000005143cfe740:   0000005143cfe7d0 0000005143cfe7d0
0x0000005143cfe750:   000001be60fcf090 000001be78c37fe0
0x0000005143cfe760:   0000005143cff210 000001be70965a60
0x0000005143cfe770:   0000005143cfe7d0 00007ff926edd30e
0x0000005143cfe780:   0000000000000091 000001be765b8bc0
0x0000005143cfe790:   0000000000000005 0000080000000000
0x0000005143cfe7a0:   00007ff9278a14c0 00007ff926ec01a1
0x0000005143cfe7b0:   000001be7cc444e0 0000005143cfeb78
0x0000005143cfe7c0:   0000005143cfeaa0 0000000000000000
0x0000005143cfe7d0:   000001be7cc444e0 000001be7cc44510
0x0000005143cfe7e0:   0000005143cfeaa0 000001be764947d8
0x0000005143cfe7f0:   0000000000000000 0000000000000000
0x0000005143cfe800:   0000000000000000 00000000ffffffff
0x0000005143cfe810:   000000000000000b 0000000026ebf522
0x0000005143cfe820:   0000000000000000 0000000200000000
0x0000005143cfe830:   0000ee5d49bf8f74 0000000000000000
0x0000005143cfe840:   000001be764947d8 00007ff9278a14c0
0x0000005143cfe850:   0000005143cfeaa0 00007ff926ebfd14
0x0000005143cfe860:   0000005143cfeaa0 00007ff9278a14c0
0x0000005143cfe870:   0000005143cfeaa0 00007ff9278a14c0
0x0000005143cfe880:   000001be60fc0000 0000000000000000
0x0000005143cfe890:   000001be7948e180 00007ff927001000
0x0000005143cfe8a0:   0000000000000001 00007ff927602b3a
0x0000005143cfe8b0:   0000000000000000 0000000000000000
0x0000005143cfe8c0:   000000000000000b 0000000000000000
0x0000005143cfe8d0:   000001be70967050 00007ff926ebfee6
0x0000005143cfe8e0:   000001be7948e180 000001be75e6e240
0x0000005143cfe8f0:   000001be75e6e240 000001be75e6e240
0x0000005143cfe900:   0000000000000000 000001be70968f30
0x0000005143cfe910:   000001be77c8884f 0000000000000004
0x0000005143cfe920:   0000005143cfeb20 000001be77a7ec40 

Instructions: (pc=0x00007ff926edd4d4)
0x00007ff926edd3d4:   48 8b 04 07 83 78 18 ff 75 36 48 8b 50 10 48 85
0x00007ff926edd3e4:   d2 74 20 83 3a 01 7e 1b 49 8b 0f 4c 8b 41 08 41
0x00007ff926edd3f4:   8b 48 10 41 2b 08 89 48 18 49 8b cf e8 4b 00 00
0x00007ff926edd404:   00 eb 0d 48 8b 48 08 8b 91 00 01 00 00 89 50 18
0x00007ff926edd414:   ff c3 48 83 c7 08 3b 1e 7c b2 ff c5 49 83 c6 08
0x00007ff926edd424:   41 3b 6d 00 7c 86 4c 8b 74 24 58 48 8b 7c 24 50
0x00007ff926edd434:   48 8b 74 24 48 48 8b 5c 24 40 48 83 c4 20 41 5f
0x00007ff926edd444:   41 5d 5d c3 cc cc cc cc cc cc cc cc 40 53 41 54
0x00007ff926edd454:   41 55 48 83 ec 30 4c 8b ea 48 8b d9 e8 6b a8 e9
0x00007ff926edd464:   ff 4d 63 65 00 4d 85 e4 0f 8e 36 01 00 00 48 89
0x00007ff926edd474:   74 24 58 4c 89 7c 24 20 45 33 ff 48 89 6c 24 50
0x00007ff926edd484:   48 89 7c 24 60 4c 89 74 24 28 66 90 49 8b 45 08
0x00007ff926edd494:   4a 8b 34 f8 48 8b 03 48 8b 48 08 8b 41 18 2b 41
0x00007ff926edd4a4:   10 3d 00 08 00 00 7d 10 48 8b 4b 10 48 8d 15 89
0x00007ff926edd4b4:   08 7d 00 e8 04 23 fe ff 48 8b 43 10 48 83 78 70
0x00007ff926edd4c4:   00 0f 85 c4 00 00 00 48 8b 06 48 8b d3 48 8b ce
0x00007ff926edd4d4:   ff 50 10 48 8b 4b 10 e8 90 2b fe ff 80 78 08 00
0x00007ff926edd4e4:   0f 84 99 00 00 00 48 8b 76 28 48 85 f6 0f 84 8c
0x00007ff926edd4f4:   00 00 00 48 8b 03 48 8b 48 08 8b 79 10 2b 39 48
0x00007ff926edd504:   39 73 28 74 77 48 8b 06 48 8b ce ff 90 b8 00 00
0x00007ff926edd514:   00 48 85 c0 74 06 48 8b 68 60 eb 04 48 8b 6e 40
0x00007ff926edd524:   48 85 ed 74 5a 4c 8b 73 28 4d 85 f6 74 35 49 8b
0x00007ff926edd534:   06 49 8b ce ff 90 b8 00 00 00 48 85 c0 74 06 48
0x00007ff926edd544:   8b 40 60 eb 04 49 8b 46 40 48 3b c5 74 2e 39 7b
0x00007ff926edd554:   30 7d 08 48 8b cb e8 81 0e 00 00 48 c7 43 28 00
0x00007ff926edd564:   00 00 00 48 8b 4b 10 e8 00 2b fe ff 48 8b c8 e8
0x00007ff926edd574:   f8 09 00 00 3b f8 7e 07 48 89 73 28 89 7b 30 49
0x00007ff926edd584:   ff c7 4d 3b fc 0f 8c 01 ff ff ff 4c 8b 74 24 28
0x00007ff926edd594:   48 8b 7c 24 60 48 8b 6c 24 50 48 8b 74 24 58 4c
0x00007ff926edd5a4:   8b 7c 24 20 48 83 c4 30 41 5d 41 5c 5b c3 cc cc
0x00007ff926edd5b4:   cc cc cc cc cc cc cc cc cc cc cc cc 40 56 48 83
0x00007ff926edd5c4:   ec 20 0f b7 42 10 48 8b f1 83 c0 fe 83 f8 0f 0f 


Stack slot to memory mapping:

stack at sp + 0 slots: 0x0000005143cfe7d0 is pointing into the stack for thread: 0x000001be709702f0
stack at sp + 1 slots: 0x000001be78493d48 points into unknown readable memory: 0x00007ff92769dac8 | c8 da 69 27 f9 7f 00 00
stack at sp + 2 slots: 0x0000005143cfe7d0 is pointing into the stack for thread: 0x000001be709702f0
stack at sp + 3 slots: 0x0000005143cfe7d0 is pointing into the stack for thread: 0x000001be709702f0
stack at sp + 4 slots: 0x000001be60fcf090 is at code_begin+-112 in 
[CodeBlob (0x000001be60fcf090)]
Framesize: 0
BufferBlob (0x000001be60fcf090) used for C1 temporary CodeBuffer
stack at sp + 5 slots: 0x000001be78c37fe0 points into unknown readable memory: 0x000000a900000091 | 91 00 00 00 a9 00 00 00
stack at sp + 6 slots: 0x0000005143cff210 is pointing into the stack for thread: 0x000001be709702f0
stack at sp + 7 slots: 0x000001be70965a60 points into unknown readable memory: 0x00007ff9276a6468 | 68 64 6a 27 f9 7f 00 00


---------------  P R O C E S S  ---------------

Threads class SMR info:
_java_thread_list=0x000001be70b04c50, length=13, elements={
0x000001be5445f7c0, 0x000001be70944940, 0x000001be70912ad0, 0x000001be70930f50,
0x000001be709335c0, 0x000001be70933c20, 0x000001be70969fb0, 0x000001be7096c620,
0x000001be709702f0, 0x000001be70aefab0, 0x000001be70b02390, 0x000001be70b7b970,
0x000001be70b7c010
}

Java Threads: ( => current thread )
  0x000001be5445f7c0 JavaThread "main"                              [_thread_in_Java, id=5060, stack(0x0000005142d00000,0x0000005142e00000) (1024K)]
  0x000001be70944940 JavaThread "Reference Handler"          daemon [_thread_blocked, id=9992, stack(0x0000005143500000,0x0000005143600000) (1024K)]
  0x000001be70912ad0 JavaThread "Finalizer"                  daemon [_thread_blocked, id=14956, stack(0x0000005143600000,0x0000005143700000) (1024K)]
  0x000001be70930f50 JavaThread "Signal Dispatcher"          daemon [_thread_blocked, id=5960, stack(0x0000005143700000,0x0000005143800000) (1024K)]
  0x000001be709335c0 JavaThread "Attach Listener"            daemon [_thread_blocked, id=17036, stack(0x0000005143800000,0x0000005143900000) (1024K)]
  0x000001be70933c20 JavaThread "Service Thread"             daemon [_thread_blocked, id=11708, stack(0x0000005143900000,0x0000005143a00000) (1024K)]
  0x000001be70969fb0 JavaThread "Monitor Deflation Thread"   daemon [_thread_blocked, id=10144, stack(0x0000005143a00000,0x0000005143b00000) (1024K)]
  0x000001be7096c620 JavaThread "C2 CompilerThread0"         daemon [_thread_in_native, id=6272, stack(0x0000005143b00000,0x0000005143c00000) (1024K)]
=>0x000001be709702f0 JavaThread "C1 CompilerThread0"         daemon [_thread_in_native, id=6384, stack(0x0000005143c00000,0x0000005143d00000) (1024K)]
  0x000001be70aefab0 JavaThread "Notification Thread"        daemon [_thread_blocked, id=16064, stack(0x0000005143d00000,0x0000005143e00000) (1024K)]
  0x000001be70b02390 JavaThread "Common-Cleaner"             daemon [_thread_blocked, id=12236, stack(0x0000005143e00000,0x0000005143f00000) (1024K)]
  0x000001be70b7b970 JavaThread "C2 CompilerThread1"         daemon [_thread_in_native, id=14380, stack(0x0000005143f00000,0x0000005144000000) (1024K)]
  0x000001be70b7c010 JavaThread "C2 CompilerThread2"         daemon [_thread_blocked, id=14796, stack(0x0000005144000000,0x0000005144100000) (1024K)]
Total: 13

Other Threads:
  0x000001be7078e630 VMThread "VM Thread"                           [id=10584, stack(0x0000005143400000,0x0000005143500000) (1024K)]
  0x000001be707213d0 WatcherThread "VM Periodic Task Thread"        [id=7712, stack(0x0000005143300000,0x0000005143400000) (1024K)]
  0x000001be569416b0 WorkerThread "GC Thread#0"                     [id=16900, stack(0x0000005142e00000,0x0000005142f00000) (1024K)]
  0x000001be755b2660 WorkerThread "GC Thread#1"                     [id=14408, stack(0x0000005144100000,0x0000005144200000) (1024K)]
  0x000001be755c3e00 WorkerThread "GC Thread#2"                     [id=14700, stack(0x0000005144200000,0x0000005144300000) (1024K)]
  0x000001be755c49b0 WorkerThread "GC Thread#3"                     [id=7952, stack(0x0000005144300000,0x0000005144400000) (1024K)]
  0x000001be755af710 WorkerThread "GC Thread#4"                     [id=3904, stack(0x0000005144400000,0x0000005144500000) (1024K)]
  0x000001be755b02c0 WorkerThread "GC Thread#5"                     [id=17556, stack(0x0000005144500000,0x0000005144600000) (1024K)]
  0x000001be756e3ca0 WorkerThread "GC Thread#6"                     [id=17524, stack(0x0000005144600000,0x0000005144700000) (1024K)]
  0x000001be756e4040 WorkerThread "GC Thread#7"                     [id=12996, stack(0x0000005144700000,0x0000005144800000) (1024K)]
  0x000001be56952650 ConcurrentGCThread "G1 Main Marker"            [id=12504, stack(0x0000005142f00000,0x0000005143000000) (1024K)]
  0x000001be56953960 WorkerThread "G1 Conc#0"                       [id=15392, stack(0x0000005143000000,0x0000005143100000) (1024K)]
  0x000001be756e2a80 WorkerThread "G1 Conc#1"                       [id=10556, stack(0x0000005144800000,0x0000005144900000) (1024K)]
  0x000001be705dfd70 ConcurrentGCThread "G1 Refine#0"               [id=8644, stack(0x0000005143100000,0x0000005143200000) (1024K)]
  0x000001be705e2410 ConcurrentGCThread "G1 Service"                [id=14224, stack(0x0000005143200000,0x0000005143300000) (1024K)]
Total: 15

Threads with active compile tasks:
C2 CompilerThread0  3394 3584       4       jdk.internal.loader.BuiltinClassLoader::defineClass (121 bytes)
C1 CompilerThread0  3394 3673   !   3       org.jetbrains.kotlin.metadata.ProtoBuf$Property::<init> (1283 bytes)
C2 CompilerThread1  3394 3548   !   4       jdk.internal.loader.BuiltinClassLoader::findClassOnClassPathOrNull (64 bytes)
Total: 3

VM state: not at safepoint (normal execution)

VM Mutex/Monitor currently owned by a thread: None

Heap address: 0x0000000701a00000, size: 4070 MB, Compressed Oops mode: Zero based, Oop shift amount: 3

CDS archive(s) not mapped
Compressed class space mapped at: 0x0000000800000000-0x0000000840000000, reserved size: 1073741824
Narrow klass base: 0x0000000800000000, Narrow klass shift: 0, Narrow klass range: 0x40000000

GC Precious Log:
 CardTable entry size: 512
 Card Set container configuration: InlinePtr #cards 4 size 8 Array Of Cards #cards 16 size 48 Howl #buckets 8 coarsen threshold 3686 Howl Bitmap #cards 512 size 80 coarsen threshold 460 Card regions per heap region 1 cards per card region 4096
 CPUs: 8 total, 8 available
 Memory: 16279M
 Large Page Support: Disabled
 NUMA Support: Disabled
 Compressed Oops: Enabled (Zero based)
 Heap Region Size: 2M
 Heap Min Capacity: 8M
 Heap Initial Capacity: 256M
 Heap Max Capacity: 4070M
 Pre-touch: Disabled
 Parallel Workers: 8
 Concurrent Workers: 2
 Concurrent Refinement Workers: 8
 Periodic GC: Disabled

Heap:
 garbage-first heap   total 155648K, used 46261K [0x0000000701a00000, 0x0000000800000000)
  region size 2048K, 11 young (22528K), 6 survivors (12288K)
 Metaspace       used 52203K, committed 52480K, reserved 1114112K
  class space    used 5956K, committed 6080K, reserved 1048576K

Heap Regions: E=young(eden), S=young(survivor), O=old, HS=humongous(starts), HC=humongous(continues), CS=collection set, F=free, TAMS=top-at-mark-start, PB=parsable bottom
|   0|0x0000000701a00000, 0x0000000701c00000, 0x0000000701c00000|100%|HS|  |TAMS 0x0000000701a00000| PB 0x0000000701a00000| Complete 
|   1|0x0000000701c00000, 0x0000000701e00000, 0x0000000701e00000|100%|HC|  |TAMS 0x0000000701c00000| PB 0x0000000701c00000| Complete 
|   2|0x0000000701e00000, 0x0000000702000000, 0x0000000702000000|100%| O|  |TAMS 0x0000000701e00000| PB 0x0000000701e00000| Untracked 
|   3|0x0000000702000000, 0x0000000702200000, 0x0000000702200000|100%| O|  |TAMS 0x0000000702000000| PB 0x0000000702000000| Untracked 
|   4|0x0000000702200000, 0x0000000702400000, 0x0000000702400000|100%| O|  |TAMS 0x0000000702200000| PB 0x0000000702200000| Untracked 
|   5|0x0000000702400000, 0x0000000702600000, 0x0000000702600000|100%| O|  |TAMS 0x0000000702400000| PB 0x0000000702400000| Untracked 
|   6|0x0000000702600000, 0x0000000702800000, 0x0000000702800000|100%| O|  |TAMS 0x0000000702600000| PB 0x0000000702600000| Untracked 
|   7|0x0000000702800000, 0x0000000702800000, 0x0000000702a00000|  0%| F|  |TAMS 0x0000000702800000| PB 0x0000000702800000| Untracked 
|   8|0x0000000702a00000, 0x0000000702c00000, 0x0000000702c00000|100%| O|  |TAMS 0x0000000702a00000| PB 0x0000000702a00000| Untracked 
|   9|0x0000000702c00000, 0x0000000702e00000, 0x0000000702e00000|100%| O|  |TAMS 0x0000000702c00000| PB 0x0000000702c00000| Untracked 
|  10|0x0000000702e00000, 0x0000000703000000, 0x0000000703000000|100%| O|  |TAMS 0x0000000702e00000| PB 0x0000000702e00000| Untracked 
|  11|0x0000000703000000, 0x0000000703000000, 0x0000000703200000|  0%| F|  |TAMS 0x0000000703000000| PB 0x0000000703000000| Untracked 
|  12|0x0000000703200000, 0x0000000703200000, 0x0000000703400000|  0%| F|  |TAMS 0x0000000703200000| PB 0x0000000703200000| Untracked 
|  13|0x0000000703400000, 0x0000000703600000, 0x0000000703600000|100%| O|  |TAMS 0x0000000703400000| PB 0x0000000703400000| Untracked 
|  14|0x0000000703600000, 0x0000000703800000, 0x0000000703800000|100%| O|  |TAMS 0x0000000703600000| PB 0x0000000703600000| Untracked 
|  15|0x0000000703800000, 0x000000070392d540, 0x0000000703a00000| 58%| O|  |TAMS 0x0000000703800000| PB 0x0000000703800000| Untracked 
|  16|0x0000000703a00000, 0x0000000703a00000, 0x0000000703c00000|  0%| F|  |TAMS 0x0000000703a00000| PB 0x0000000703a00000| Untracked 
|  17|0x0000000703c00000, 0x0000000703c00000, 0x0000000703e00000|  0%| F|  |TAMS 0x0000000703c00000| PB 0x0000000703c00000| Untracked 
|  18|0x0000000703e00000, 0x0000000703e00000, 0x0000000704000000|  0%| F|  |TAMS 0x0000000703e00000| PB 0x0000000703e00000| Untracked 
|  19|0x0000000704000000, 0x0000000704000000, 0x0000000704200000|  0%| F|  |TAMS 0x0000000704000000| PB 0x0000000704000000| Untracked 
|  20|0x0000000704200000, 0x0000000704200000, 0x0000000704400000|  0%| F|  |TAMS 0x0000000704200000| PB 0x0000000704200000| Untracked 
|  21|0x0000000704400000, 0x0000000704400000, 0x0000000704600000|  0%| F|  |TAMS 0x0000000704400000| PB 0x0000000704400000| Untracked 
|  22|0x0000000704600000, 0x0000000704600000, 0x0000000704800000|  0%| F|  |TAMS 0x0000000704600000| PB 0x0000000704600000| Untracked 
|  23|0x0000000704800000, 0x0000000704800000, 0x0000000704a00000|  0%| F|  |TAMS 0x0000000704800000| PB 0x0000000704800000| Untracked 
|  24|0x0000000704a00000, 0x0000000704a00000, 0x0000000704c00000|  0%| F|  |TAMS 0x0000000704a00000| PB 0x0000000704a00000| Untracked 
|  25|0x0000000704c00000, 0x0000000704c00000, 0x0000000704e00000|  0%| F|  |TAMS 0x0000000704c00000| PB 0x0000000704c00000| Untracked 
|  26|0x0000000704e00000, 0x0000000704e00000, 0x0000000705000000|  0%| F|  |TAMS 0x0000000704e00000| PB 0x0000000704e00000| Untracked 
|  27|0x0000000705000000, 0x0000000705200000, 0x0000000705200000|100%| S|CS|TAMS 0x0000000705000000| PB 0x0000000705000000| Complete 
|  28|0x0000000705200000, 0x0000000705400000, 0x0000000705400000|100%| S|CS|TAMS 0x0000000705200000| PB 0x0000000705200000| Complete 
|  29|0x0000000705400000, 0x0000000705600000, 0x0000000705600000|100%| S|CS|TAMS 0x0000000705400000| PB 0x0000000705400000| Complete 
|  30|0x0000000705600000, 0x0000000705800000, 0x0000000705800000|100%| S|CS|TAMS 0x0000000705600000| PB 0x0000000705600000| Complete 
|  31|0x0000000705800000, 0x0000000705a00000, 0x0000000705a00000|100%| S|CS|TAMS 0x0000000705800000| PB 0x0000000705800000| Complete 
|  32|0x0000000705a00000, 0x0000000705c00000, 0x0000000705c00000|100%| S|CS|TAMS 0x0000000705a00000| PB 0x0000000705a00000| Complete 
|  33|0x0000000705c00000, 0x0000000705c00000, 0x0000000705e00000|  0%| F|  |TAMS 0x0000000705c00000| PB 0x0000000705c00000| Untracked 
|  34|0x0000000705e00000, 0x0000000705e00000, 0x0000000706000000|  0%| F|  |TAMS 0x0000000705e00000| PB 0x0000000705e00000| Untracked 
|  35|0x0000000706000000, 0x0000000706000000, 0x0000000706200000|  0%| F|  |TAMS 0x0000000706000000| PB 0x0000000706000000| Untracked 
|  36|0x0000000706200000, 0x0000000706200000, 0x0000000706400000|  0%| F|  |TAMS 0x0000000706200000| PB 0x0000000706200000| Untracked 
|  37|0x0000000706400000, 0x0000000706400000, 0x0000000706600000|  0%| F|  |TAMS 0x0000000706400000| PB 0x0000000706400000| Untracked 
|  38|0x0000000706600000, 0x0000000706600000, 0x0000000706800000|  0%| F|  |TAMS 0x0000000706600000| PB 0x0000000706600000| Untracked 
|  39|0x0000000706800000, 0x0000000706800000, 0x0000000706a00000|  0%| F|  |TAMS 0x0000000706800000| PB 0x0000000706800000| Untracked 
|  40|0x0000000706a00000, 0x0000000706a00000, 0x0000000706c00000|  0%| F|  |TAMS 0x0000000706a00000| PB 0x0000000706a00000| Untracked 
|  41|0x0000000706c00000, 0x0000000706c00000, 0x0000000706e00000|  0%| F|  |TAMS 0x0000000706c00000| PB 0x0000000706c00000| Untracked 
|  42|0x0000000706e00000, 0x0000000706e00000, 0x0000000707000000|  0%| F|  |TAMS 0x0000000706e00000| PB 0x0000000706e00000| Untracked 
|  43|0x0000000707000000, 0x0000000707000000, 0x0000000707200000|  0%| F|  |TAMS 0x0000000707000000| PB 0x0000000707000000| Untracked 
|  44|0x0000000707200000, 0x0000000707200000, 0x0000000707400000|  0%| F|  |TAMS 0x0000000707200000| PB 0x0000000707200000| Untracked 
|  45|0x0000000707400000, 0x0000000707400000, 0x0000000707600000|  0%| F|  |TAMS 0x0000000707400000| PB 0x0000000707400000| Untracked 
|  46|0x0000000707600000, 0x0000000707600000, 0x0000000707800000|  0%| F|  |TAMS 0x0000000707600000| PB 0x0000000707600000| Untracked 
|  47|0x0000000707800000, 0x0000000707800000, 0x0000000707a00000|  0%| F|  |TAMS 0x0000000707800000| PB 0x0000000707800000| Untracked 
|  48|0x0000000707a00000, 0x0000000707a00000, 0x0000000707c00000|  0%| F|  |TAMS 0x0000000707a00000| PB 0x0000000707a00000| Untracked 
|  49|0x0000000707c00000, 0x0000000707c00000, 0x0000000707e00000|  0%| F|  |TAMS 0x0000000707c00000| PB 0x0000000707c00000| Untracked 
|  50|0x0000000707e00000, 0x0000000707e00000, 0x0000000708000000|  0%| F|  |TAMS 0x0000000707e00000| PB 0x0000000707e00000| Untracked 
|  51|0x0000000708000000, 0x0000000708000000, 0x0000000708200000|  0%| F|  |TAMS 0x0000000708000000| PB 0x0000000708000000| Untracked 
|  52|0x0000000708200000, 0x0000000708200000, 0x0000000708400000|  0%| F|  |TAMS 0x0000000708200000| PB 0x0000000708200000| Untracked 
|  53|0x0000000708400000, 0x0000000708400000, 0x0000000708600000|  0%| F|  |TAMS 0x0000000708400000| PB 0x0000000708400000| Untracked 
|  54|0x0000000708600000, 0x0000000708600000, 0x0000000708800000|  0%| F|  |TAMS 0x0000000708600000| PB 0x0000000708600000| Untracked 
|  55|0x0000000708800000, 0x0000000708800000, 0x0000000708a00000|  0%| F|  |TAMS 0x0000000708800000| PB 0x0000000708800000| Untracked 
|  56|0x0000000708a00000, 0x0000000708a00000, 0x0000000708c00000|  0%| F|  |TAMS 0x0000000708a00000| PB 0x0000000708a00000| Untracked 
|  57|0x0000000708c00000, 0x0000000708c00000, 0x0000000708e00000|  0%| F|  |TAMS 0x0000000708c00000| PB 0x0000000708c00000| Untracked 
|  58|0x0000000708e00000, 0x0000000708e00000, 0x0000000709000000|  0%| F|  |TAMS 0x0000000708e00000| PB 0x0000000708e00000| Untracked 
|  59|0x0000000709000000, 0x0000000709000000, 0x0000000709200000|  0%| F|  |TAMS 0x0000000709000000| PB 0x0000000709000000| Untracked 
|  60|0x0000000709200000, 0x0000000709200000, 0x0000000709400000|  0%| F|  |TAMS 0x0000000709200000| PB 0x0000000709200000| Untracked 
|  61|0x0000000709400000, 0x0000000709400000, 0x0000000709600000|  0%| F|  |TAMS 0x0000000709400000| PB 0x0000000709400000| Untracked 
|  62|0x0000000709600000, 0x0000000709600000, 0x0000000709800000|  0%| F|  |TAMS 0x0000000709600000| PB 0x0000000709600000| Untracked 
|  63|0x0000000709800000, 0x0000000709800000, 0x0000000709a00000|  0%| F|  |TAMS 0x0000000709800000| PB 0x0000000709800000| Untracked 
|  64|0x0000000709a00000, 0x0000000709a00000, 0x0000000709c00000|  0%| F|  |TAMS 0x0000000709a00000| PB 0x0000000709a00000| Untracked 
|  65|0x0000000709c00000, 0x0000000709c00000, 0x0000000709e00000|  0%| F|  |TAMS 0x0000000709c00000| PB 0x0000000709c00000| Untracked 
|  66|0x0000000709e00000, 0x0000000709e00000, 0x000000070a000000|  0%| F|  |TAMS 0x0000000709e00000| PB 0x0000000709e00000| Untracked 
|  67|0x000000070a000000, 0x000000070a000000, 0x000000070a200000|  0%| F|  |TAMS 0x000000070a000000| PB 0x000000070a000000| Untracked 
|  68|0x000000070a200000, 0x000000070a200000, 0x000000070a400000|  0%| F|  |TAMS 0x000000070a200000| PB 0x000000070a200000| Untracked 
|  69|0x000000070a400000, 0x000000070a400000, 0x000000070a600000|  0%| F|  |TAMS 0x000000070a400000| PB 0x000000070a400000| Untracked 
|  70|0x000000070a600000, 0x000000070a600000, 0x000000070a800000|  0%| F|  |TAMS 0x000000070a600000| PB 0x000000070a600000| Untracked 
|  71|0x000000070a800000, 0x000000070aa00000, 0x000000070aa00000|100%| E|  |TAMS 0x000000070a800000| PB 0x000000070a800000| Complete 
| 110|0x000000070f600000, 0x000000070f800000, 0x000000070f800000|100%| E|CS|TAMS 0x000000070f600000| PB 0x000000070f600000| Complete 
| 111|0x000000070f800000, 0x000000070fa00000, 0x000000070fa00000|100%| E|CS|TAMS 0x000000070f800000| PB 0x000000070f800000| Complete 
| 112|0x000000070fa00000, 0x000000070fc00000, 0x000000070fc00000|100%| E|CS|TAMS 0x000000070fa00000| PB 0x000000070fa00000| Complete 
| 127|0x0000000711800000, 0x0000000711a00000, 0x0000000711a00000|100%| E|CS|TAMS 0x0000000711800000| PB 0x0000000711800000| Complete 

Card table byte_map: [0x000001be69560000,0x000001be69d60000] _byte_map_base: 0x000001be65d53000

Marking Bits: (CMBitMap*) 0x000001be56941db0
 Bits: [0x000001be69d60000, 0x000001be6dcf8000)

Polling page: 0x000001be546e0000

Metaspace:

Usage:
  Non-class:     45.18 MB used.
      Class:      5.82 MB used.
       Both:     51.00 MB used.

Virtual space:
  Non-class space:       64.00 MB reserved,      45.31 MB ( 71%) committed,  1 nodes.
      Class space:        1.00 GB reserved,       5.94 MB ( <1%) committed,  1 nodes.
             Both:        1.06 GB reserved,      51.25 MB (  5%) committed. 

Chunk freelists:
   Non-Class:  2.70 MB
       Class:  10.00 MB
        Both:  12.70 MB

MaxMetaspaceSize: unlimited
CompressedClassSpaceSize: 1.00 GB
Initial GC threshold: 21.00 MB
Current GC threshold: 59.00 MB
CDS: off
 - commit_granule_bytes: 65536.
 - commit_granule_words: 8192.
 - virtual_space_node_default_size: 8388608.
 - enlarge_chunks_in_place: 1.
 - use_allocation_guard: 0.


Internal statistics:

num_allocs_failed_limit: 6.
num_arena_births: 256.
num_arena_deaths: 0.
num_vsnodes_births: 2.
num_vsnodes_deaths: 0.
num_space_committed: 820.
num_space_uncommitted: 0.
num_chunks_returned_to_freelist: 6.
num_chunks_taken_from_freelist: 1810.
num_chunk_merges: 6.
num_chunk_splits: 1477.
num_chunks_enlarged: 1342.
num_inconsistent_stats: 0.

CodeHeap 'non-profiled nmethods': size=120000Kb used=1914Kb max_used=1914Kb free=118085Kb
 bounds [0x000001be61500000, 0x000001be61770000, 0x000001be68a30000]
CodeHeap 'profiled nmethods': size=120000Kb used=7399Kb max_used=7399Kb free=112600Kb
 bounds [0x000001be59a30000, 0x000001be5a170000, 0x000001be60f60000]
CodeHeap 'non-nmethods': size=5760Kb used=1580Kb max_used=1682Kb free=4179Kb
 bounds [0x000001be60f60000, 0x000001be611d0000, 0x000001be61500000]
 total_blobs=4203 nmethods=3557 adapters=550
 compilation: enabled
              stopped_count=0, restarted_count=0
 full_count=0

Compilation events (20 events):
Event: 3.270 Thread 0x000001be709702f0 nmethod 3652 0x000001be616cb290 code [0x000001be616cb420, 0x000001be616cb4f0]
Event: 3.270 Thread 0x000001be709702f0 3654       1       org.jetbrains.kotlin.fir.declarations.impl.FirPropertyAccessorImpl::setAnnotations-GqUYU-s (6 bytes)
Event: 3.270 Thread 0x000001be709702f0 nmethod 3654 0x000001be616cb590 code [0x000001be616cb720, 0x000001be616cb838]
Event: 3.270 Thread 0x000001be709702f0 3658       3       org.jetbrains.kotlin.fir.declarations.impl.FirResolvedDeclarationStatusImpl$Companion::getDEFAULT_STATUS_FOR_STATUSLESS_DECLARATIONS (4 bytes)
Event: 3.270 Thread 0x000001be709702f0 nmethod 3658 0x000001be5a15e510 code [0x000001be5a15e6c0, 0x000001be5a15e830]
Event: 3.270 Thread 0x000001be709702f0 3661       3       org.jetbrains.kotlin.fir.declarations.impl.FirDeclarationStatusImpl::setOverride (9 bytes)
Event: 3.270 Thread 0x000001be709702f0 nmethod 3661 0x000001be5a15e910 code [0x000001be5a15eac0, 0x000001be5a15ec08]
Event: 3.270 Thread 0x000001be709702f0 3659       3       org.jetbrains.kotlin.fir.declarations.impl.FirResolvedDeclarationStatusImpl::access$getDEFAULT_STATUS_FOR_STATUSLESS_DECLARATIONS$cp (4 bytes)
Event: 3.270 Thread 0x000001be709702f0 nmethod 3659 0x000001be5a15ec90 code [0x000001be5a15ee20, 0x000001be5a15ef18]
Event: 3.270 Thread 0x000001be709702f0 3660       3       org.jetbrains.kotlin.metadata.ProtoBuf$ValueParameter::hasVarargElementTypeId (18 bytes)
Event: 3.270 Thread 0x000001be709702f0 nmethod 3660 0x000001be5a15ef90 code [0x000001be5a15f120, 0x000001be5a15f288]
Event: 3.270 Thread 0x000001be709702f0 3662       3       org.jetbrains.kotlin.fir.deserialization.FirDeserializationContext::childContext (101 bytes)
Event: 3.272 Thread 0x000001be709702f0 nmethod 3662 0x000001be5a15f310 code [0x000001be5a15f7a0, 0x000001be5a161658]
Event: 3.273 Thread 0x000001be709702f0 3670       3       org.jetbrains.kotlin.fir.resolve.ScopeUtilsKt::defaultType (197 bytes)
Event: 3.275 Thread 0x000001be709702f0 nmethod 3670 0x000001be5a162210 code [0x000001be5a162700, 0x000001be5a164d40]
Event: 3.275 Thread 0x000001be709702f0 3671       3       org.jetbrains.kotlin.fir.deserialization.FirMemberDeserializer::toTypeRef (9 bytes)
Event: 3.275 Thread 0x000001be709702f0 nmethod 3671 0x000001be5a165b90 code [0x000001be5a165d40, 0x000001be5a165ea8]
Event: 3.275 Thread 0x000001be709702f0 3672       3       org.jetbrains.kotlin.fir.java.deserialization.JvmBinaryAnnotationDeserializer::loadTypeAnnotations (147 bytes)
Event: 3.278 Thread 0x000001be709702f0 nmethod 3672 0x000001be5a165f90 code [0x000001be5a1664c0, 0x000001be5a168ed8]
Event: 3.278 Thread 0x000001be709702f0 3673   !   3       org.jetbrains.kotlin.metadata.ProtoBuf$Property::<init> (1283 bytes)

GC Heap History (16 events):
Event: 0.586 GC heap before
{Heap before GC invocations=0 (full 0):
 garbage-first heap   total 262144K, used 24576K [0x0000000701a00000, 0x0000000800000000)
  region size 2048K, 11 young (22528K), 0 survivors (0K)
 Metaspace       used 13592K, committed 13696K, reserved 1114112K
  class space    used 1274K, committed 1344K, reserved 1048576K
}
Event: 0.590 GC heap after
{Heap after GC invocations=1 (full 0):
 garbage-first heap   total 262144K, used 7141K [0x0000000701a00000, 0x0000000800000000)
  region size 2048K, 2 young (4096K), 2 survivors (4096K)
 Metaspace       used 13592K, committed 13696K, reserved 1114112K
  class space    used 1274K, committed 1344K, reserved 1048576K
}
Event: 0.915 GC heap before
{Heap before GC invocations=1 (full 0):
 garbage-first heap   total 262144K, used 29669K [0x0000000701a00000, 0x0000000800000000)
  region size 2048K, 15 young (30720K), 2 survivors (4096K)
 Metaspace       used 21346K, committed 21504K, reserved 1114112K
  class space    used 2167K, committed 2240K, reserved 1048576K
}
Event: 0.920 GC heap after
{Heap after GC invocations=2 (full 0):
 garbage-first heap   total 262144K, used 8531K [0x0000000701a00000, 0x0000000800000000)
  region size 2048K, 3 young (6144K), 3 survivors (6144K)
 Metaspace       used 21346K, committed 21504K, reserved 1114112K
  class space    used 2167K, committed 2240K, reserved 1048576K
}
Event: 1.218 GC heap before
{Heap before GC invocations=3 (full 0):
 garbage-first heap   total 34816K, used 33107K [0x0000000701a00000, 0x0000000800000000)
  region size 2048K, 15 young (30720K), 3 survivors (6144K)
 Metaspace       used 25181K, committed 25536K, reserved 1114112K
  class space    used 2650K, committed 2816K, reserved 1048576K
}
Event: 1.229 GC heap after
{Heap after GC invocations=4 (full 0):
 garbage-first heap   total 47104K, used 16046K [0x0000000701a00000, 0x0000000800000000)
  region size 2048K, 6 young (12288K), 6 survivors (12288K)
 Metaspace       used 25181K, committed 25536K, reserved 1114112K
  class space    used 2650K, committed 2816K, reserved 1048576K
}
Event: 1.423 GC heap before
{Heap before GC invocations=4 (full 0):
 garbage-first heap   total 47104K, used 30382K [0x0000000701a00000, 0x0000000800000000)
  region size 2048K, 13 young (26624K), 6 survivors (12288K)
 Metaspace       used 28640K, committed 28864K, reserved 1114112K
  class space    used 3047K, committed 3136K, reserved 1048576K
}
Event: 1.434 GC heap after
{Heap after GC invocations=5 (full 0):
 garbage-first heap   total 47104K, used 17328K [0x0000000701a00000, 0x0000000800000000)
  region size 2048K, 1 young (2048K), 1 survivors (2048K)
 Metaspace       used 28640K, committed 28864K, reserved 1114112K
  class space    used 3047K, committed 3136K, reserved 1048576K
}
Event: 1.719 GC heap before
{Heap before GC invocations=5 (full 0):
 garbage-first heap   total 47104K, used 35760K [0x0000000701a00000, 0x0000000800000000)
  region size 2048K, 10 young (20480K), 1 survivors (2048K)
 Metaspace       used 33922K, committed 34240K, reserved 1114112K
  class space    used 4098K, committed 4224K, reserved 1048576K
}
Event: 1.725 GC heap after
{Heap after GC invocations=6 (full 0):
 garbage-first heap   total 47104K, used 18865K [0x0000000701a00000, 0x0000000800000000)
  region size 2048K, 2 young (4096K), 2 survivors (4096K)
 Metaspace       used 33922K, committed 34240K, reserved 1114112K
  class space    used 4098K, committed 4224K, reserved 1048576K
}
Event: 1.826 GC heap before
{Heap before GC invocations=6 (full 0):
 garbage-first heap   total 47104K, used 25009K [0x0000000701a00000, 0x0000000800000000)
  region size 2048K, 6 young (12288K), 2 survivors (4096K)
 Metaspace       used 35763K, committed 35968K, reserved 1114112K
  class space    used 4294K, committed 4416K, reserved 1048576K
}
Event: 1.831 GC heap after
{Heap after GC invocations=7 (full 0):
 garbage-first heap   total 47104K, used 18938K [0x0000000701a00000, 0x0000000800000000)
  region size 2048K, 1 young (2048K), 1 survivors (2048K)
 Metaspace       used 35763K, committed 35968K, reserved 1114112K
  class space    used 4294K, committed 4416K, reserved 1048576K
}
Event: 2.065 GC heap before
{Heap before GC invocations=8 (full 0):
 garbage-first heap   total 47104K, used 37370K [0x0000000701a00000, 0x0000000800000000)
  region size 2048K, 10 young (20480K), 1 survivors (2048K)
 Metaspace       used 40628K, committed 40960K, reserved 1114112K
  class space    used 4773K, committed 4928K, reserved 1048576K
}
Event: 2.071 GC heap after
{Heap after GC invocations=9 (full 0):
 garbage-first heap   total 155648K, used 20108K [0x0000000701a00000, 0x0000000800000000)
  region size 2048K, 2 young (4096K), 2 survivors (4096K)
 Metaspace       used 40628K, committed 40960K, reserved 1114112K
  class space    used 4773K, committed 4928K, reserved 1048576K
}
Event: 3.172 GC heap before
{Heap before GC invocations=9 (full 0):
 garbage-first heap   total 155648K, used 106124K [0x0000000701a00000, 0x0000000800000000)
  region size 2048K, 45 young (92160K), 2 survivors (4096K)
 Metaspace       used 50975K, committed 51264K, reserved 1114112K
  class space    used 5818K, committed 5952K, reserved 1048576K
}
Event: 3.203 GC heap after
{Heap after GC invocations=10 (full 0):
 garbage-first heap   total 155648K, used 38069K [0x0000000701a00000, 0x0000000800000000)
  region size 2048K, 6 young (12288K), 6 survivors (12288K)
 Metaspace       used 50975K, committed 51264K, reserved 1114112K
  class space    used 5818K, committed 5952K, reserved 1048576K
}

Dll operation events (3 events):
Event: 0.030 Loaded shared library D:\Programas\AndroidStudio\jbr\bin\java.dll
Event: 0.046 Loaded shared library D:\Programas\AndroidStudio\jbr\bin\zip.dll
Event: 1.068 Loaded shared library D:\Programas\AndroidStudio\jbr\bin\verify.dll

Deoptimization events (20 events):
Event: 3.006 Thread 0x000001be5445f7c0 DEOPT PACKING pc=0x000001be61678f74 sp=0x0000005142dfba80
Event: 3.006 Thread 0x000001be5445f7c0 DEOPT UNPACKING pc=0x000001be60fb46a2 sp=0x0000005142dfb990 mode 2
Event: 3.058 Thread 0x000001be5445f7c0 Uncommon trap: trap_request=0xffffff45 fr.pc=0x000001be61699c10 relative=0x0000000000002b70
Event: 3.058 Thread 0x000001be5445f7c0 Uncommon trap: reason=unstable_if action=reinterpret pc=0x000001be61699c10 method=org.jetbrains.org.objectweb.asm.ClassReader.readMethod(Lorg/jetbrains/org/objectweb/asm/ClassVisitor;Lorg/jetbrains/org/objectweb/asm/Context;I)I @ 316 c2
Event: 3.058 Thread 0x000001be5445f7c0 DEOPT PACKING pc=0x000001be61699c10 sp=0x0000005142dfa7c0
Event: 3.058 Thread 0x000001be5445f7c0 DEOPT UNPACKING pc=0x000001be60fb46a2 sp=0x0000005142dfa748 mode 2
Event: 3.104 Thread 0x000001be5445f7c0 DEOPT PACKING pc=0x000001be59da7d49 sp=0x0000005142dfc2a0
Event: 3.104 Thread 0x000001be5445f7c0 DEOPT UNPACKING pc=0x000001be60fb4e42 sp=0x0000005142dfb710 mode 0
Event: 3.161 Thread 0x000001be5445f7c0 DEOPT PACKING pc=0x000001be59da7d49 sp=0x0000005142dfbe20
Event: 3.161 Thread 0x000001be5445f7c0 DEOPT UNPACKING pc=0x000001be60fb4e42 sp=0x0000005142dfb290 mode 0
Event: 3.203 Thread 0x000001be70944940 Uncommon trap: trap_request=0xffffff45 fr.pc=0x000001be615aa994 relative=0x0000000000000174
Event: 3.203 Thread 0x000001be70944940 Uncommon trap: reason=unstable_if action=reinterpret pc=0x000001be615aa994 method=java.util.concurrent.locks.ReentrantLock$NonfairSync.initialTryLock()Z @ 10 c2
Event: 3.203 Thread 0x000001be70944940 DEOPT PACKING pc=0x000001be615aa994 sp=0x00000051435ff540
Event: 3.203 Thread 0x000001be70944940 DEOPT UNPACKING pc=0x000001be60fb46a2 sp=0x00000051435ff4e8 mode 2
Event: 3.216 Thread 0x000001be5445f7c0 DEOPT PACKING pc=0x000001be59fba585 sp=0x0000005142dfbb10
Event: 3.217 Thread 0x000001be5445f7c0 DEOPT UNPACKING pc=0x000001be60fb4e42 sp=0x0000005142dfafa0 mode 0
Event: 3.268 Thread 0x000001be5445f7c0 Uncommon trap: trap_request=0xffffff45 fr.pc=0x000001be616b5438 relative=0x0000000000000098
Event: 3.268 Thread 0x000001be5445f7c0 Uncommon trap: reason=unstable_if action=reinterpret pc=0x000001be616b5438 method=org.jetbrains.kotlin.load.kotlin.FileBasedKotlinClass$3$1.visit(Ljava/lang/String;Ljava/lang/Object;)V @ 12 c2
Event: 3.268 Thread 0x000001be5445f7c0 DEOPT PACKING pc=0x000001be616b5438 sp=0x0000005142df9df0
Event: 3.268 Thread 0x000001be5445f7c0 DEOPT UNPACKING pc=0x000001be60fb46a2 sp=0x0000005142df9d78 mode 2

Classes loaded (20 events):
Event: 2.087 Loading class java/util/ArrayList$ListItr
Event: 2.087 Loading class java/util/ArrayList$ListItr done
Event: 2.241 Loading class java/util/PriorityQueue
Event: 2.242 Loading class java/util/PriorityQueue done
Event: 2.365 Loading class java/security/AccessControlException
Event: 2.365 Loading class java/security/AccessControlException done
Event: 2.373 Loading class java/lang/annotation/ElementType
Event: 2.373 Loading class java/lang/annotation/ElementType done
Event: 2.373 Loading class java/lang/Deprecated
Event: 2.373 Loading class java/lang/Deprecated done
Event: 2.373 Loading class java/lang/Override
Event: 2.373 Loading class java/lang/Override done
Event: 2.524 Loading class java/text/StringCharacterIterator
Event: 2.524 Loading class java/text/CharacterIterator
Event: 2.524 Loading class java/text/CharacterIterator done
Event: 2.524 Loading class java/text/StringCharacterIterator done
Event: 2.736 Loading class java/util/ArrayList$SubList$1
Event: 2.737 Loading class java/util/ArrayList$SubList$1 done
Event: 2.799 Loading class java/util/AbstractList$ListItr
Event: 2.799 Loading class java/util/AbstractList$ListItr done

Classes unloaded (0 events):
No events

Classes redefined (0 events):
No events

Internal exceptions (20 events):
Event: 0.936 Thread 0x000001be5445f7c0 Exception <a 'java/lang/NoSuchMethodError'{0x00000007118f19b0}: 'void java.lang.invoke.DirectMethodHandle$Holder.invokeStatic(java.lang.Object, java.lang.Object, java.lang.Object, java.lang.Object)'> (0x00000007118f19b0) 
thrown [s\src\hotspot\share\interpreter\linkResolver.cpp, line 784]
Event: 0.957 Thread 0x000001be5445f7c0 Exception <a 'java/lang/NoSuchMethodError'{0x000000070324b0e0}: 'java.lang.Object java.lang.invoke.DirectMethodHandle$Holder.invokeInterface(java.lang.Object, java.lang.Object)'> (0x000000070324b0e0) 
thrown [s\src\hotspot\share\interpreter\linkResolver.cpp, line 784]
Event: 0.989 Thread 0x000001be5445f7c0 Exception <a 'java/lang/NoSuchMethodError'{0x00000007030f12f0}: 'void java.lang.invoke.DirectMethodHandle$Holder.invokeStaticInit(java.lang.Object, java.lang.Object)'> (0x00000007030f12f0) 
thrown [s\src\hotspot\share\interpreter\linkResolver.cpp, line 784]
Event: 1.016 Thread 0x000001be5445f7c0 Exception <a 'java/lang/NoSuchMethodError'{0x0000000702ed4570}: 'int java.lang.invoke.DirectMethodHandle$Holder.invokeVirtual(java.lang.Object, java.lang.Object, java.lang.Object)'> (0x0000000702ed4570) 
thrown [s\src\hotspot\share\interpreter\linkResolver.cpp, line 784]
Event: 1.041 Thread 0x000001be5445f7c0 Exception <a 'java/lang/NoSuchMethodError'{0x0000000702caecb0}: 'void java.lang.invoke.Invokers$Holder.invokeExact_MT(java.lang.Object, int, java.lang.Object)'> (0x0000000702caecb0) 
thrown [s\src\hotspot\share\interpreter\linkResolver.cpp, line 784]
Event: 1.089 Thread 0x000001be5445f7c0 Exception <a 'java/lang/NoSuchMethodError'{0x0000000702b26af8}: 'void java.lang.invoke.DirectMethodHandle$Holder.invokeVirtual(java.lang.Object, java.lang.Object)'> (0x0000000702b26af8) 
thrown [s\src\hotspot\share\interpreter\linkResolver.cpp, line 784]
Event: 1.103 Thread 0x000001be5445f7c0 Exception <a 'java/lang/NoSuchMethodError'{0x0000000702b9cb00}: 'long java.lang.invoke.DirectMethodHandle$Holder.invokeStatic(java.lang.Object, java.lang.Object, int)'> (0x0000000702b9cb00) 
thrown [s\src\hotspot\share\interpreter\linkResolver.cpp, line 784]
Event: 1.104 Thread 0x000001be5445f7c0 Exception <a 'java/lang/NoSuchMethodError'{0x0000000702ba7ae8}: 'java.lang.Object java.lang.invoke.DelegatingMethodHandle$Holder.reinvoke_L(java.lang.Object, int, long, java.lang.Object, java.lang.Object, int, java.lang.Object)'> (0x0000000702ba7ae8) 
thrown [s\src\hotspot\share\interpreter\linkResolver.cpp, line 784]
Event: 1.109 Thread 0x000001be5445f7c0 Exception <a 'java/lang/NoSuchMethodError'{0x0000000702bcf0a8}: 'java.lang.Object java.lang.invoke.DirectMethodHandle$Holder.invokeStatic(java.lang.Object, java.lang.Object, int)'> (0x0000000702bcf0a8) 
thrown [s\src\hotspot\share\interpreter\linkResolver.cpp, line 784]
Event: 1.110 Thread 0x000001be5445f7c0 Exception <a 'java/lang/NoSuchMethodError'{0x0000000702bda708}: 'void java.lang.invoke.DelegatingMethodHandle$Holder.delegate(java.lang.Object, java.lang.Object, int, java.lang.Object)'> (0x0000000702bda708) 
thrown [s\src\hotspot\share\interpreter\linkResolver.cpp, line 784]
Event: 1.272 Thread 0x000001be5445f7c0 Exception <a 'java/lang/NoSuchMethodError'{0x000000070f877338}: 'java.lang.Object java.lang.invoke.DirectMethodHandle$Holder.invokeStatic(java.lang.Object, java.lang.Object, int, java.lang.Object)'> (0x000000070f877338) 
thrown [s\src\hotspot\share\interpreter\linkResolver.cpp, line 784]
Event: 1.390 Thread 0x000001be5445f7c0 Exception <a 'java/lang/NoSuchMethodError'{0x0000000703189288}: 'java.lang.Object java.lang.invoke.DirectMethodHandle$Holder.newInvokeSpecial(java.lang.Object, java.lang.Object, java.lang.Object, java.lang.Object, java.lang.Object, java.lang.Object)'> (0x0000000703189288) 
thrown [s\src\hotspot\share\interpreter\linkResolver.cpp, line 784]
Event: 1.761 Thread 0x000001be5445f7c0 Exception <a 'java/lang/NoSuchMethodError'{0x000000070fa27590}: 'java.lang.Object java.lang.invoke.DirectMethodHandle$Holder.newInvokeSpecial(java.lang.Object, java.lang.Object, java.lang.Object, java.lang.Object, java.lang.Object, java.lang.Object, java.lang.Object)'> (0x000000070fa27590) 
thrown [s\src\hotspot\share\interpreter\linkResolver.cpp, line 784]
Event: 1.942 Thread 0x000001be5445f7c0 Exception <a 'java/lang/NoSuchMethodError'{0x0000000703dfda78}: 'java.lang.Object java.lang.invoke.DirectMethodHandle$Holder.invokeVirtual(java.lang.Object, java.lang.Object, java.lang.Object)'> (0x0000000703dfda78) 
thrown [s\src\hotspot\share\interpreter\linkResolver.cpp, line 784]
Event: 1.969 Thread 0x000001be5445f7c0 Exception <a 'java/lang/NoSuchMethodError'{0x0000000703b7dbb8}: 'java.lang.Object java.lang.invoke.DirectMethodHandle$Holder.newInvokeSpecial(java.lang.Object, java.lang.Object, int)'> (0x0000000703b7dbb8) 
thrown [s\src\hotspot\share\interpreter\linkResolver.cpp, line 784]
Event: 2.094 Thread 0x000001be5445f7c0 Exception <a 'java/lang/NoSuchMethodError'{0x0000000711973048}: 'int java.lang.invoke.DirectMethodHandle$Holder.invokeStaticInit(java.lang.Object, int)'> (0x0000000711973048) 
thrown [s\src\hotspot\share\interpreter\linkResolver.cpp, line 784]
Event: 2.146 Thread 0x000001be5445f7c0 Implicit null exception at 0x000001be615e80a0 to 0x000001be615e8e98
Event: 2.146 Thread 0x000001be5445f7c0 Implicit null exception at 0x000001be615d90e0 to 0x000001be615d91fc
Event: 2.352 Thread 0x000001be5445f7c0 Exception <a 'java/lang/NoSuchMethodError'{0x0000000709e73008}: 'java.lang.Object java.lang.invoke.DirectMethodHandle$Holder.newInvokeSpecial(java.lang.Object, java.lang.Object, java.lang.Object, int, java.lang.Object)'> (0x0000000709e73008) 
thrown [s\src\hotspot\share\interpreter\linkResolver.cpp, line 784]
Event: 2.437 Thread 0x000001be5445f7c0 Implicit null exception at 0x000001be6160cc20 to 0x000001be6160ce74

ZGC Phase Switch (0 events):
No events

VM Operations (20 events):
Event: 1.850 Executing VM operation: G1PauseCleanup
Event: 1.850 Executing VM operation: G1PauseCleanup done
Event: 2.065 Executing VM operation: G1CollectForAllocation (G1 Evacuation Pause)
Event: 2.071 Executing VM operation: G1CollectForAllocation (G1 Evacuation Pause) done
Event: 2.087 Executing VM operation: HandshakeAllThreads (Deoptimize)
Event: 2.087 Executing VM operation: HandshakeAllThreads (Deoptimize) done
Event: 2.365 Executing VM operation: HandshakeAllThreads (Deoptimize)
Event: 2.365 Executing VM operation: HandshakeAllThreads (Deoptimize) done
Event: 2.508 Executing VM operation: ICBufferFull
Event: 2.508 Executing VM operation: ICBufferFull done
Event: 2.528 Executing VM operation: HandshakeAllThreads (Deoptimize)
Event: 2.528 Executing VM operation: HandshakeAllThreads (Deoptimize) done
Event: 2.800 Executing VM operation: HandshakeAllThreads (Deoptimize)
Event: 2.800 Executing VM operation: HandshakeAllThreads (Deoptimize) done
Event: 2.808 Executing VM operation: ICBufferFull
Event: 2.808 Executing VM operation: ICBufferFull done
Event: 3.104 Executing VM operation: ICBufferFull
Event: 3.104 Executing VM operation: ICBufferFull done
Event: 3.172 Executing VM operation: G1CollectForAllocation (G1 Evacuation Pause)
Event: 3.203 Executing VM operation: G1CollectForAllocation (G1 Evacuation Pause) done

Memory protections (0 events):
No events

Nmethod flushes (20 events):
Event: 1.845 Thread 0x000001be7078e630 flushing  nmethod 0x000001be59a82a90
Event: 1.845 Thread 0x000001be7078e630 flushing  nmethod 0x000001be59a85b90
Event: 1.845 Thread 0x000001be7078e630 flushing  nmethod 0x000001be59a86910
Event: 1.845 Thread 0x000001be7078e630 flushing  nmethod 0x000001be59a91010
Event: 1.845 Thread 0x000001be7078e630 flushing  nmethod 0x000001be59a92d10
Event: 1.845 Thread 0x000001be7078e630 flushing  nmethod 0x000001be59a93410
Event: 1.845 Thread 0x000001be7078e630 flushing  nmethod 0x000001be59a94090
Event: 1.845 Thread 0x000001be7078e630 flushing  nmethod 0x000001be59a95910
Event: 1.845 Thread 0x000001be7078e630 flushing  nmethod 0x000001be59a95f10
Event: 1.845 Thread 0x000001be7078e630 flushing  nmethod 0x000001be59a96710
Event: 1.845 Thread 0x000001be7078e630 flushing  nmethod 0x000001be59a96e10
Event: 1.845 Thread 0x000001be7078e630 flushing  nmethod 0x000001be59aa3110
Event: 1.845 Thread 0x000001be7078e630 flushing  nmethod 0x000001be59aa3690
Event: 1.845 Thread 0x000001be7078e630 flushing  nmethod 0x000001be59aa4410
Event: 1.845 Thread 0x000001be7078e630 flushing  nmethod 0x000001be59aa4790
Event: 1.845 Thread 0x000001be7078e630 flushing  nmethod 0x000001be59aa5e10
Event: 1.845 Thread 0x000001be7078e630 flushing  nmethod 0x000001be59abdc10
Event: 1.845 Thread 0x000001be7078e630 flushing  nmethod 0x000001be59ac1a10
Event: 1.845 Thread 0x000001be7078e630 flushing  nmethod 0x000001be59ac3610
Event: 1.845 Thread 0x000001be7078e630 flushing  nmethod 0x000001be59b52690

Events (17 events):
Event: 0.036 Thread 0x000001be5445f7c0 Thread added: 0x000001be5445f7c0
Event: 0.097 Thread 0x000001be5445f7c0 Thread added: 0x000001be70944940
Event: 0.097 Thread 0x000001be5445f7c0 Thread added: 0x000001be70912ad0
Event: 0.098 Thread 0x000001be5445f7c0 Thread added: 0x000001be70930f50
Event: 0.098 Thread 0x000001be5445f7c0 Thread added: 0x000001be709335c0
Event: 0.098 Thread 0x000001be5445f7c0 Thread added: 0x000001be70933c20
Event: 0.098 Thread 0x000001be5445f7c0 Thread added: 0x000001be70969fb0
Event: 0.098 Thread 0x000001be5445f7c0 Thread added: 0x000001be7096c620
Event: 0.098 Thread 0x000001be5445f7c0 Thread added: 0x000001be709702f0
Event: 0.134 Thread 0x000001be5445f7c0 Thread added: 0x000001be70aefab0
Event: 0.139 Thread 0x000001be5445f7c0 Thread added: 0x000001be70b02390
Event: 0.156 Loaded shared library D:\Programas\AndroidStudio\jbr\bin\net.dll
Event: 0.167 Loaded shared library D:\Programas\AndroidStudio\jbr\bin\nio.dll
Event: 0.182 Thread 0x000001be7096c620 Thread added: 0x000001be70b7b970
Event: 0.182 Thread 0x000001be7096c620 Thread added: 0x000001be70b7c010
Event: 0.191 Loaded shared library D:\Programas\AndroidStudio\jbr\bin\zip.dll
Event: 0.217 Loaded shared library D:\Programas\AndroidStudio\jbr\bin\jimage.dll


Dynamic libraries:
0x00007ff7e3700000 - 0x00007ff7e370a000 	D:\Programas\AndroidStudio\jbr\bin\java.exe
0x00007ff9a75b0000 - 0x00007ff9a77c7000 	C:\Windows\SYSTEM32\ntdll.dll
0x00007ff9a6080000 - 0x00007ff9a6144000 	C:\Windows\System32\KERNEL32.DLL
0x00007ff9a4d00000 - 0x00007ff9a50d0000 	C:\Windows\System32\KERNELBASE.dll
0x00007ff9a4b60000 - 0x00007ff9a4c71000 	C:\Windows\System32\ucrtbase.dll
0x00007ff98bdf0000 - 0x00007ff98be0b000 	D:\Programas\AndroidStudio\jbr\bin\VCRUNTIME140.dll
0x00007ff97b1d0000 - 0x00007ff97b1e8000 	D:\Programas\AndroidStudio\jbr\bin\jli.dll
0x00007ff9a6b70000 - 0x00007ff9a6d21000 	C:\Windows\System32\USER32.dll
0x00007ff9a49d0000 - 0x00007ff9a49f6000 	C:\Windows\System32\win32u.dll
0x00007ff9a7430000 - 0x00007ff9a7459000 	C:\Windows\System32\GDI32.dll
0x00007ff98b4e0000 - 0x00007ff98b77c000 	C:\Windows\WinSxS\amd64_microsoft.windows.common-controls_6595b64144ccf1df_6.0.22621.5840_none_2710ea077384a4fe\COMCTL32.dll
0x00007ff9a47f0000 - 0x00007ff9a4913000 	C:\Windows\System32\gdi32full.dll
0x00007ff9a5e60000 - 0x00007ff9a5f07000 	C:\Windows\System32\msvcrt.dll
0x00007ff9a4a00000 - 0x00007ff9a4a9a000 	C:\Windows\System32\msvcp_win.dll
0x00007ff9a73f0000 - 0x00007ff9a7421000 	C:\Windows\System32\IMM32.DLL
0x00007ff99b4b0000 - 0x00007ff99b4bc000 	D:\Programas\AndroidStudio\jbr\bin\vcruntime140_1.dll
0x00007ff9641d0000 - 0x00007ff96425d000 	D:\Programas\AndroidStudio\jbr\bin\msvcp140.dll
0x00007ff926d70000 - 0x00007ff9279fb000 	D:\Programas\AndroidStudio\jbr\bin\server\jvm.dll
0x00007ff9a5770000 - 0x00007ff9a5821000 	C:\Windows\System32\ADVAPI32.dll
0x00007ff9a6210000 - 0x00007ff9a62b8000 	C:\Windows\System32\sechost.dll
0x00007ff9a4920000 - 0x00007ff9a4948000 	C:\Windows\System32\bcrypt.dll
0x00007ff9a5f60000 - 0x00007ff9a6078000 	C:\Windows\System32\RPCRT4.dll
0x00007ff9a7480000 - 0x00007ff9a74f1000 	C:\Windows\System32\WS2_32.dll
0x00007ff9a3490000 - 0x00007ff9a34dd000 	C:\Windows\SYSTEM32\POWRPROF.dll
0x00007ff9978e0000 - 0x00007ff9978ea000 	C:\Windows\SYSTEM32\VERSION.dll
0x00007ff99a2f0000 - 0x00007ff99a324000 	C:\Windows\SYSTEM32\WINMM.dll
0x00007ff9a3470000 - 0x00007ff9a3483000 	C:\Windows\SYSTEM32\UMPDC.dll
0x00007ff9a3730000 - 0x00007ff9a3748000 	C:\Windows\SYSTEM32\kernel.appcore.dll
0x00007ff986ec0000 - 0x00007ff986eca000 	D:\Programas\AndroidStudio\jbr\bin\jimage.dll
0x00007ff9a1fd0000 - 0x00007ff9a2203000 	C:\Windows\SYSTEM32\DBGHELP.DLL
0x00007ff9a5830000 - 0x00007ff9a5bc1000 	C:\Windows\System32\combase.dll
0x00007ff9a5d70000 - 0x00007ff9a5e48000 	C:\Windows\System32\OLEAUT32.dll
0x00007ff9848d0000 - 0x00007ff984902000 	C:\Windows\SYSTEM32\dbgcore.DLL
0x00007ff9a4c80000 - 0x00007ff9a4cfb000 	C:\Windows\System32\bcryptPrimitives.dll
0x00007ff947ed0000 - 0x00007ff947ef0000 	D:\Programas\AndroidStudio\jbr\bin\java.dll
0x00007ff947eb0000 - 0x00007ff947ec8000 	D:\Programas\AndroidStudio\jbr\bin\zip.dll
0x00007ff9a62c0000 - 0x00007ff9a6b61000 	C:\Windows\System32\SHELL32.dll
0x00007ff9a46b0000 - 0x00007ff9a47ef000 	C:\Windows\System32\wintypes.dll
0x00007ff9a23d0000 - 0x00007ff9a2cea000 	C:\Windows\SYSTEM32\windows.storage.dll
0x00007ff9a5350000 - 0x00007ff9a545a000 	C:\Windows\System32\SHCORE.dll
0x00007ff9a6da0000 - 0x00007ff9a6e09000 	C:\Windows\System32\shlwapi.dll
0x00007ff9a45e0000 - 0x00007ff9a4605000 	C:\Windows\SYSTEM32\profapi.dll
0x00007ff993190000 - 0x00007ff9931a0000 	D:\Programas\AndroidStudio\jbr\bin\net.dll
0x00007ff997910000 - 0x00007ff997a3c000 	C:\Windows\SYSTEM32\WINHTTP.dll
0x00007ff9a3bf0000 - 0x00007ff9a3c59000 	C:\Windows\system32\mswsock.dll
0x00007ff993150000 - 0x00007ff993166000 	D:\Programas\AndroidStudio\jbr\bin\nio.dll
0x00007ff99bf40000 - 0x00007ff99bf50000 	D:\Programas\AndroidStudio\jbr\bin\verify.dll

dbghelp: loaded successfully - version: 4.0.5 - missing functions: none
symbol engine: initialized successfully - sym options: 0x614 - pdb path: .;D:\Programas\AndroidStudio\jbr\bin;C:\Windows\SYSTEM32;C:\Windows\WinSxS\amd64_microsoft.windows.common-controls_6595b64144ccf1df_6.0.22621.5840_none_2710ea077384a4fe;D:\Programas\AndroidStudio\jbr\bin\server

VM Arguments:
java_command: org.jetbrains.kotlin.cli.jvm.K2JVMCompiler @C:\Users\usuario\Documents\PracticaViewmodels\app\build\20250930_10157784616102077237.compiler.options
java_class_path (initial): C:\Users\usuario\.gradle\caches\modules-2\files-2.1\org.jetbrains.kotlin\kotlin-compiler-embeddable\2.0.21\79346ed53db48b18312a472602eb5c057070c54d\kotlin-compiler-embeddable-2.0.21.jar;C:\Users\usuario\.gradle\caches\modules-2\files-2.1\org.jetbrains.kotlin\kotlin-stdlib\2.0.21\618b539767b4899b4660a83006e052b63f1db551\kotlin-stdlib-2.0.21.jar;C:\Users\usuario\.gradle\caches\modules-2\files-2.1\org.jetbrains.kotlin\kotlin-script-runtime\2.0.21\c9b044380ad41f89aa89aa896c2d32a8c0b2129d\kotlin-script-runtime-2.0.21.jar;C:\Users\usuario\.gradle\caches\modules-2\files-2.1\org.jetbrains.kotlin\kotlin-reflect\1.6.10\1cbe9c92c12a94eea200d23c2bbaedaf3daf5132\kotlin-reflect-1.6.10.jar;C:\Users\usuario\.gradle\caches\modules-2\files-2.1\org.jetbrains.kotlin\kotlin-daemon-embeddable\2.0.21\c9e933b23287de9b5a17e2116b4657bb91aea72c\kotlin-daemon-embeddable-2.0.21.jar;C:\Users\usuario\.gradle\caches\modules-2\files-2.1\org.jetbrains.intellij.deps\trove4j\1.0.20200330\3afb14d5f9ceb459d724e907a21145e8ff394f02\trove4j-1.0.20200330.jar;C:\Users\usuario\.gradle\caches\modules-2\files-2.1\org.jetbrains.kotlinx\kotlinx-coroutines-core-jvm\1.6.4\2c997cd1c0ef33f3e751d3831929aeff1390cb30\kotlinx-coroutines-core-jvm-1.6.4.jar;C:\Users\usuario\.gradle\caches\modules-2\files-2.1\org.jetbrains\annotations\13.0\919f0dfe192fb4e063e7dacadee7f8bb9a2672a9\annotations-13.0.jar
Launcher Type: SUN_STANDARD

[Global flags]
     intx CICompilerCount                          = 4                                         {product} {ergonomic}
     uint ConcGCThreads                            = 2                                         {product} {ergonomic}
     uint G1ConcRefinementThreads                  = 8                                         {product} {ergonomic}
   size_t G1HeapRegionSize                         = 2097152                                   {product} {ergonomic}
    uintx GCDrainStackTargetSize                   = 64                                        {product} {ergonomic}
   size_t InitialHeapSize                          = 268435456                                 {product} {ergonomic}
   size_t MarkStackSize                            = 4194304                                   {product} {ergonomic}
   size_t MaxHeapSize                              = 4267704320                                {product} {ergonomic}
   size_t MaxNewSize                               = 2560622592                                {product} {ergonomic}
   size_t MinHeapDeltaBytes                        = 2097152                                   {product} {ergonomic}
   size_t MinHeapSize                              = 8388608                                   {product} {ergonomic}
    uintx NonNMethodCodeHeapSize                   = 5839372                                {pd product} {ergonomic}
    uintx NonProfiledCodeHeapSize                  = 122909434                              {pd product} {ergonomic}
    uintx ProfiledCodeHeapSize                     = 122909434                              {pd product} {ergonomic}
    uintx ReservedCodeCacheSize                    = 251658240                              {pd product} {ergonomic}
     bool SegmentedCodeCache                       = true                                      {product} {ergonomic}
   size_t SoftMaxHeapSize                          = 4267704320                             {manageable} {ergonomic}
     bool UseCompressedOops                        = true                           {product lp64_product} {ergonomic}
     bool UseG1GC                                  = true                                      {product} {ergonomic}
     bool UseLargePagesIndividualAllocation        = false                                  {pd product} {ergonomic}

Logging:
Log output configuration:
 #0: stdout all=warning uptime,level,tags foldmultilines=false
 #1: stderr all=off uptime,level,tags foldmultilines=false

Environment Variables:
CLASSPATH=D:\Programas\Lingo\Lingo21.jar
PATH=C:\Program Files\Eclipse Adoptium\jdk-21.0.8.9-hotspot\bin;C:\Windows\system32;C:\Windows;C:\Windows\System32\Wbem;C:\Windows\System32\WindowsPowerShell\v1.0\;C:\Windows\System32\OpenSSH\;D:\Programas\Lingo\;C:\Program Files\Git\cmd;C:\Users\usuario\Documents\javafx-sdk-24.0.2\lib;C:\Users\usuario\AppData\Local\Programs\Python\Python313\Scripts\;C:\Users\usuario\AppData\Local\Programs\Python\Python313\;C:\Users\usuario\AppData\Local\Microsoft\WindowsApps;C:\Users\usuario\AppData\Local\GitHubDesktop\bin;C:\Users\usuario\AppData\Local\Programs\Microsoft VS Code\bin;C:\Users\usuario\Documents\javafx-sdk-24.0.2\lib;
USERNAME=usuario
OS=Windows_NT
PROCESSOR_IDENTIFIER=Intel64 Family 6 Model 142 Stepping 10, GenuineIntel
TMP=C:\Users\usuario\AppData\Local\Temp
TEMP=C:\Users\usuario\AppData\Local\Temp




Periodic native trim disabled

JNI global refs:
JNI global refs: 11, weak refs: 61

JNI global refs memory usage: 835, weak refs: 833

Process memory usage:
Resident Set Size: 318260K (1% of 16669912K total physical memory with 3735408K free physical memory)

OOME stack traces (most recent first):
Classloader memory used:
Loader jdk.internal.loader.ClassLoaders$AppClassLoader                                 : 41579K
Loader bootstrap                                                                       : 10440K
Loader java.net.URLClassLoader                                                         : 259K

---------------  S Y S T E M  ---------------

OS:
 Windows 11 , 64 bit Build 22621 (10.0.22621.5415)
OS uptime: 1 days 1:31 hours
Hyper-V role detected

CPU: total 8 (initial active 8) (4 cores per cpu, 2 threads per core) family 6 model 142 stepping 10 microcode 0xe0, cx8, cmov, fxsr, ht, mmx, 3dnowpref, sse, sse2, sse3, ssse3, sse4.1, sse4.2, popcnt, lzcnt, tsc, tscinvbit, avx, avx2, aes, erms, clmul, bmi1, bmi2, adx, fma, vzeroupper, clflush, clflushopt, hv, rdtscp, f16c
Processor Information for the first 8 processors :
  Max Mhz: 1800, Current Mhz: 1600, Mhz Limit: 1584

Memory: 4k page, system-wide physical 16279M (3649M free)
TotalPageFile size 18711M (AvailPageFile size 6105M)
current process WorkingSet (physical memory assigned to process): 307M, peak: 312M
current process commit charge ("private bytes"): 359M, peak: 363M

vm_info: OpenJDK 64-Bit Server VM (21.0.6+-13391695-b895.109) for windows-amd64 JRE (21.0.6+-13391695-b895.109), built on 2025-04-22T21:19:17Z by "builder" with MS VC++ 16.10 / 16.11 (VS2019)

END.
